Hydrate/manifest-merger-release-report.txt
-- Merging decision tree log ---
manifest
ADDED from AndroidManifest.xml:2:1
	xmlns:android
		ADDED from AndroidManifest.xml:2:11
	package
		ADDED from AndroidManifest.xml:3:5
		INJECTED from AndroidManifest.xml:0:0
		INJECTED from AndroidManifest.xml:0:0
	android:versionName
		ADDED from AndroidManifest.xml:5:5
	android:versionCode
		ADDED from AndroidManifest.xml:4:5
		INJECTED from AndroidManifest.xml:0:0
		INJECTED from AndroidManifest.xml:0:0
uses-sdk
ADDED from AndroidManifest.xml:7:5
MERGED from Hydrate:library:unspecified:7:5
MERGED from com.google.android.gms:play-services:8.1.0:18:5
MERGED from com.google.android.gms:play-services-ads:8.1.0:23:5
MERGED from com.google.android.gms:play-services-basement:8.1.0:18:5
MERGED from com.android.support:support-v4:23.0.1:20:5
MERGED from com.google.android.gms:play-services-appindexing:8.1.0:18:5
MERGED from com.google.android.gms:play-services-basement:8.1.0:18:5
MERGED from com.android.support:support-v4:23.0.1:20:5
MERGED from com.google.android.gms:play-services-analytics:8.1.0:18:5
MERGED from com.google.android.gms:play-services-basement:8.1.0:18:5
MERGED from com.android.support:support-v4:23.0.1:20:5
MERGED from com.google.android.gms:play-services-ads:8.1.0:23:5
MERGED from com.google.android.gms:play-services-basement:8.1.0:18:5
MERGED from com.android.support:support-v4:23.0.1:20:5
MERGED from com.google.android.gms:play-services-appindexing:8.1.0:18:5
MERGED from com.google.android.gms:play-services-basement:8.1.0:18:5
MERGED from com.android.support:support-v4:23.0.1:20:5
MERGED from com.google.android.gms:play-services-appindexing:8.1.0:18:5
MERGED from com.google.android.gms:play-services-basement:8.1.0:18:5
MERGED from com.android.support:support-v4:23.0.1:20:5
MERGED from com.google.android.gms:play-services-appinvite:8.1.0:18:5
MERGED from com.google.android.gms:play-services-base:8.1.0:18:5
MERGED from com.google.android.gms:play-services-basement:8.1.0:18:5
MERGED from com.android.support:support-v4:23.0.1:20:5
MERGED from com.google.android.gms:play-services-appstate:8.1.0:18:5
MERGED from com.google.android.gms:play-services-base:8.1.0:18:5
MERGED from com.google.android.gms:play-services-basement:8.1.0:18:5
MERGED from com.android.support:support-v4:23.0.1:20:5
MERGED from com.google.android.gms:play-services-base:8.1.0:18:5
MERGED from com.google.android.gms:play-services-basement:8.1.0:18:5
MERGED from com.android.support:support-v4:23.0.1:20:5
MERGED from com.google.android.gms:play-services-basement:8.1.0:18:5
MERGED from com.android.support:support-v4:23.0.1:20:5
MERGED from com.google.android.gms:play-services-cast:8.1.0:18:5
MERGED from com.google.android.gms:play-services-base:8.1.0:18:5
MERGED from com.google.android.gms:play-services-basement:8.1.0:18:5
MERGED from com.android.support:support-v4:23.0.1:20:5
MERGED from com.android.support:mediarouter-v7:22.2.0:20:5
MERGED from com.android.support:appcompat-v7:23.0.1:20:5
MERGED from com.android.support:support-v4:23.0.1:20:5
MERGED from com.google.android.gms:play-services-drive:8.1.0:18:5
MERGED from com.google.android.gms:play-services-base:8.1.0:18:5
MERGED from com.google.android.gms:play-services-basement:8.1.0:18:5
MERGED from com.android.support:support-v4:23.0.1:20:5
MERGED from com.google.android.gms:play-services-fitness:8.1.0:18:5
MERGED from com.google.android.gms:play-services-base:8.1.0:18:5
MERGED from com.google.android.gms:play-services-basement:8.1.0:18:5
MERGED from com.android.support:support-v4:23.0.1:20:5
MERGED from com.google.android.gms:play-services-location:8.1.0:18:5
MERGED from com.google.android.gms:play-services-base:8.1.0:18:5
MERGED from com.google.android.gms:play-services-basement:8.1.0:18:5
MERGED from com.android.support:support-v4:23.0.1:20:5
MERGED from com.google.android.gms:play-services-maps:8.1.0:27:5
MERGED from com.google.android.gms:play-services-base:8.1.0:18:5
MERGED from com.google.android.gms:play-services-basement:8.1.0:18:5
MERGED from com.android.support:support-v4:23.0.1:20:5
MERGED from com.google.android.gms:play-services-games:8.1.0:18:5
MERGED from com.google.android.gms:play-services-base:8.1.0:18:5
MERGED from com.google.android.gms:play-services-basement:8.1.0:18:5
MERGED from com.android.support:support-v4:23.0.1:20:5
MERGED from com.google.android.gms:play-services-drive:8.1.0:18:5
MERGED from com.google.android.gms:play-services-base:8.1.0:18:5
MERGED from com.google.android.gms:play-services-basement:8.1.0:18:5
MERGED from com.android.support:support-v4:23.0.1:20:5
MERGED from com.google.android.gms:play-services-gcm:8.1.0:18:5
MERGED from com.google.android.gms:play-services-base:8.1.0:18:5
MERGED from com.google.android.gms:play-services-basement:8.1.0:18:5
MERGED from com.android.support:support-v4:23.0.1:20:5
MERGED from com.google.android.gms:play-services-identity:8.1.0:18:5
MERGED from com.google.android.gms:play-services-base:8.1.0:18:5
MERGED from com.google.android.gms:play-services-basement:8.1.0:18:5
MERGED from com.android.support:support-v4:23.0.1:20:5
MERGED from com.google.android.gms:play-services-location:8.1.0:18:5
MERGED from com.google.android.gms:play-services-base:8.1.0:18:5
MERGED from com.google.android.gms:play-services-basement:8.1.0:18:5
MERGED from com.android.support:support-v4:23.0.1:20:5
MERGED from com.google.android.gms:play-services-maps:8.1.0:27:5
MERGED from com.google.android.gms:play-services-base:8.1.0:18:5
MERGED from com.google.android.gms:play-services-basement:8.1.0:18:5
MERGED from com.android.support:support-v4:23.0.1:20:5
MERGED from com.google.android.gms:play-services-maps:8.1.0:27:5
MERGED from com.google.android.gms:play-services-base:8.1.0:18:5
MERGED from com.google.android.gms:play-services-basement:8.1.0:18:5
MERGED from com.android.support:support-v4:23.0.1:20:5
MERGED from com.google.android.gms:play-services-measurement:8.1.0:18:5
MERGED from com.google.android.gms:play-services-base:8.1.0:18:5
MERGED from com.google.android.gms:play-services-basement:8.1.0:18:5
MERGED from com.android.support:support-v4:23.0.1:20:5
MERGED from com.google.android.gms:play-services-analytics:8.1.0:18:5
MERGED from com.google.android.gms:play-services-basement:8.1.0:18:5
MERGED from com.android.support:support-v4:23.0.1:20:5
MERGED from com.google.android.gms:play-services-ads:8.1.0:23:5
MERGED from com.google.android.gms:play-services-basement:8.1.0:18:5
MERGED from com.android.support:support-v4:23.0.1:20:5
MERGED from com.google.android.gms:play-services-appindexing:8.1.0:18:5
MERGED from com.google.android.gms:play-services-basement:8.1.0:18:5
MERGED from com.android.support:support-v4:23.0.1:20:5
MERGED from com.google.android.gms:play-services-nearby:8.1.0:18:5
MERGED from com.google.android.gms:play-services-base:8.1.0:18:5
MERGED from com.google.android.gms:play-services-basement:8.1.0:18:5
MERGED from com.android.support:support-v4:23.0.1:20:5
MERGED from com.google.android.gms:play-services-panorama:8.1.0:18:5
MERGED from com.google.android.gms:play-services-base:8.1.0:18:5
MERGED from com.google.android.gms:play-services-basement:8.1.0:18:5
MERGED from com.android.support:support-v4:23.0.1:20:5
MERGED from com.google.android.gms:play-services-plus:8.1.0:18:5
MERGED from com.google.android.gms:play-services-base:8.1.0:18:5
MERGED from com.google.android.gms:play-services-basement:8.1.0:18:5
MERGED from com.android.support:support-v4:23.0.1:20:5
MERGED from com.google.android.gms:play-services-safetynet:8.1.0:18:5
MERGED from com.google.android.gms:play-services-base:8.1.0:18:5
MERGED from com.google.android.gms:play-services-basement:8.1.0:18:5
MERGED from com.android.support:support-v4:23.0.1:20:5
MERGED from com.google.android.gms:play-services-vision:8.1.0:4:5
MERGED from com.google.android.gms:play-services-base:8.1.0:18:5
MERGED from com.google.android.gms:play-services-basement:8.1.0:18:5
MERGED from com.android.support:support-v4:23.0.1:20:5
MERGED from com.google.android.gms:play-services-wallet:8.1.0:19:5
MERGED from com.google.android.gms:play-services-base:8.1.0:18:5
MERGED from com.google.android.gms:play-services-basement:8.1.0:18:5
MERGED from com.android.support:support-v4:23.0.1:20:5
MERGED from com.google.android.gms:play-services-identity:8.1.0:18:5
MERGED from com.google.android.gms:play-services-base:8.1.0:18:5
MERGED from com.google.android.gms:play-services-basement:8.1.0:18:5
MERGED from com.android.support:support-v4:23.0.1:20:5
MERGED from com.google.android.gms:play-services-maps:8.1.0:27:5
MERGED from com.google.android.gms:play-services-base:8.1.0:18:5
MERGED from com.google.android.gms:play-services-basement:8.1.0:18:5
MERGED from com.android.support:support-v4:23.0.1:20:5
MERGED from com.google.android.gms:play-services-wearable:8.1.0:18:5
MERGED from com.google.android.gms:play-services-base:8.1.0:18:5
MERGED from com.google.android.gms:play-services-basement:8.1.0:18:5
MERGED from com.android.support:support-v4:23.0.1:20:5
MERGED from com.android.support:support-v4:23.0.1:20:5
MERGED from com.android.support:design:23.0.1:20:5
MERGED from com.android.support:support-v4:23.0.1:20:5
MERGED from com.android.support:appcompat-v7:23.0.1:20:5
MERGED from com.android.support:support-v4:23.0.1:20:5
MERGED from com.google.android.gms:play-services:8.1.0:18:5
MERGED from com.google.android.gms:play-services-ads:8.1.0:23:5
MERGED from com.google.android.gms:play-services-basement:8.1.0:18:5
MERGED from com.android.support:support-v4:23.0.1:20:5
MERGED from com.google.android.gms:play-services-appindexing:8.1.0:18:5
MERGED from com.google.android.gms:play-services-basement:8.1.0:18:5
MERGED from com.android.support:support-v4:23.0.1:20:5
MERGED from com.google.android.gms:play-services-analytics:8.1.0:18:5
MERGED from com.google.android.gms:play-services-basement:8.1.0:18:5
MERGED from com.android.support:support-v4:23.0.1:20:5
MERGED from com.google.android.gms:play-services-ads:8.1.0:23:5
MERGED from com.google.android.gms:play-services-basement:8.1.0:18:5
MERGED from com.android.support:support-v4:23.0.1:20:5
MERGED from com.google.android.gms:play-services-appindexing:8.1.0:18:5
MERGED from com.google.android.gms:play-services-basement:8.1.0:18:5
MERGED from com.android.support:support-v4:23.0.1:20:5
MERGED from com.google.android.gms:play-services-appindexing:8.1.0:18:5
MERGED from com.google.android.gms:play-services-basement:8.1.0:18:5
MERGED from com.android.support:support-v4:23.0.1:20:5
MERGED from com.google.android.gms:play-services-appinvite:8.1.0:18:5
MERGED from com.google.android.gms:play-services-base:8.1.0:18:5
MERGED from com.google.android.gms:play-services-basement:8.1.0:18:5
MERGED from com.android.support:support-v4:23.0.1:20:5
MERGED from com.google.android.gms:play-services-appstate:8.1.0:18:5
MERGED from com.google.android.gms:play-services-base:8.1.0:18:5
MERGED from com.google.android.gms:play-services-basement:8.1.0:18:5
MERGED from com.android.support:support-v4:23.0.1:20:5
MERGED from com.google.android.gms:play-services-base:8.1.0:18:5
MERGED from com.google.android.gms:play-services-basement:8.1.0:18:5
MERGED from com.android.support:support-v4:23.0.1:20:5
MERGED from com.google.android.gms:play-services-basement:8.1.0:18:5
MERGED from com.android.support:support-v4:23.0.1:20:5
MERGED from com.google.android.gms:play-services-cast:8.1.0:18:5
MERGED from com.google.android.gms:play-services-base:8.1.0:18:5
MERGED from com.google.android.gms:play-services-basement:8.1.0:18:5
MERGED from com.android.support:support-v4:23.0.1:20:5
MERGED from com.android.support:mediarouter-v7:22.2.0:20:5
MERGED from com.android.support:appcompat-v7:23.0.1:20:5
MERGED from com.android.support:support-v4:23.0.1:20:5
MERGED from com.google.android.gms:play-services-drive:8.1.0:18:5
MERGED from com.google.android.gms:play-services-base:8.1.0:18:5
MERGED from com.google.android.gms:play-services-basement:8.1.0:18:5
MERGED from com.android.support:support-v4:23.0.1:20:5
MERGED from com.google.android.gms:play-services-fitness:8.1.0:18:5
MERGED from com.google.android.gms:play-services-base:8.1.0:18:5
MERGED from com.google.android.gms:play-services-basement:8.1.0:18:5
MERGED from com.android.support:support-v4:23.0.1:20:5
MERGED from com.google.android.gms:play-services-location:8.1.0:18:5
MERGED from com.google.android.gms:play-services-base:8.1.0:18:5
MERGED from com.google.android.gms:play-services-basement:8.1.0:18:5
MERGED from com.android.support:support-v4:23.0.1:20:5
MERGED from com.google.android.gms:play-services-maps:8.1.0:27:5
MERGED from com.google.android.gms:play-services-base:8.1.0:18:5
MERGED from com.google.android.gms:play-services-basement:8.1.0:18:5
MERGED from com.android.support:support-v4:23.0.1:20:5
MERGED from com.google.android.gms:play-services-games:8.1.0:18:5
MERGED from com.google.android.gms:play-services-base:8.1.0:18:5
MERGED from com.google.android.gms:play-services-basement:8.1.0:18:5
MERGED from com.android.support:support-v4:23.0.1:20:5
MERGED from com.google.android.gms:play-services-drive:8.1.0:18:5
MERGED from com.google.android.gms:play-services-base:8.1.0:18:5
MERGED from com.google.android.gms:play-services-basement:8.1.0:18:5
MERGED from com.android.support:support-v4:23.0.1:20:5
MERGED from com.google.android.gms:play-services-gcm:8.1.0:18:5
MERGED from com.google.android.gms:play-services-base:8.1.0:18:5
MERGED from com.google.android.gms:play-services-basement:8.1.0:18:5
MERGED from com.android.support:support-v4:23.0.1:20:5
MERGED from com.google.android.gms:play-services-identity:8.1.0:18:5
MERGED from com.google.android.gms:play-services-base:8.1.0:18:5
MERGED from com.google.android.gms:play-services-basement:8.1.0:18:5
MERGED from com.android.support:support-v4:23.0.1:20:5
MERGED from com.google.android.gms:play-services-location:8.1.0:18:5
MERGED from com.google.android.gms:play-services-base:8.1.0:18:5
MERGED from com.google.android.gms:play-services-basement:8.1.0:18:5
MERGED from com.android.support:support-v4:23.0.1:20:5
MERGED from com.google.android.gms:play-services-maps:8.1.0:27:5
MERGED from com.google.android.gms:play-services-base:8.1.0:18:5
MERGED from com.google.android.gms:play-services-basement:8.1.0:18:5
MERGED from com.android.support:support-v4:23.0.1:20:5
MERGED from com.google.android.gms:play-services-maps:8.1.0:27:5
MERGED from com.google.android.gms:play-services-base:8.1.0:18:5
MERGED from com.google.android.gms:play-services-basement:8.1.0:18:5
MERGED from com.android.support:support-v4:23.0.1:20:5
MERGED from com.google.android.gms:play-services-measurement:8.1.0:18:5
MERGED from com.google.android.gms:play-services-base:8.1.0:18:5
MERGED from com.google.android.gms:play-services-basement:8.1.0:18:5
MERGED from com.android.support:support-v4:23.0.1:20:5
MERGED from com.google.android.gms:play-services-analytics:8.1.0:18:5
MERGED from com.google.android.gms:play-services-basement:8.1.0:18:5
MERGED from com.android.support:support-v4:23.0.1:20:5
MERGED from com.google.android.gms:play-services-ads:8.1.0:23:5
MERGED from com.google.android.gms:play-services-basement:8.1.0:18:5
MERGED from com.android.support:support-v4:23.0.1:20:5
MERGED from com.google.android.gms:play-services-appindexing:8.1.0:18:5
MERGED from com.google.android.gms:play-services-basement:8.1.0:18:5
MERGED from com.android.support:support-v4:23.0.1:20:5
MERGED from com.google.android.gms:play-services-nearby:8.1.0:18:5
MERGED from com.google.android.gms:play-services-base:8.1.0:18:5
MERGED from com.google.android.gms:play-services-basement:8.1.0:18:5
MERGED from com.android.support:support-v4:23.0.1:20:5
MERGED from com.google.android.gms:play-services-panorama:8.1.0:18:5
MERGED from com.google.android.gms:play-services-base:8.1.0:18:5
MERGED from com.google.android.gms:play-services-basement:8.1.0:18:5
MERGED from com.android.support:support-v4:23.0.1:20:5
MERGED from com.google.android.gms:play-services-plus:8.1.0:18:5
MERGED from com.google.android.gms:play-services-base:8.1.0:18:5
MERGED from com.google.android.gms:play-services-basement:8.1.0:18:5
MERGED from com.android.support:support-v4:23.0.1:20:5
MERGED from com.google.android.gms:play-services-safetynet:8.1.0:18:5
MERGED from com.google.android.gms:play-services-base:8.1.0:18:5
MERGED from com.google.android.gms:play-services-basement:8.1.0:18:5
MERGED from com.android.support:support-v4:23.0.1:20:5
MERGED from com.google.android.gms:play-services-vision:8.1.0:4:5
MERGED from com.google.android.gms:play-services-base:8.1.0:18:5
MERGED from com.google.android.gms:play-services-basement:8.1.0:18:5
MERGED from com.android.support:support-v4:23.0.1:20:5
MERGED from com.google.android.gms:play-services-wallet:8.1.0:19:5
MERGED from com.google.android.gms:play-services-base:8.1.0:18:5
MERGED from com.google.android.gms:play-services-basement:8.1.0:18:5
MERGED from com.android.support:support-v4:23.0.1:20:5
MERGED from com.google.android.gms:play-services-identity:8.1.0:18:5
MERGED from com.google.android.gms:play-services-base:8.1.0:18:5
MERGED from com.google.android.gms:play-services-basement:8.1.0:18:5
MERGED from com.android.support:support-v4:23.0.1:20:5
MERGED from com.google.android.gms:play-services-maps:8.1.0:27:5
MERGED from com.google.android.gms:play-services-base:8.1.0:18:5
MERGED from com.google.android.gms:play-services-basement:8.1.0:18:5
MERGED from com.android.support:support-v4:23.0.1:20:5
MERGED from com.google.android.gms:play-services-wearable:8.1.0:18:5
MERGED from com.google.android.gms:play-services-base:8.1.0:18:5
MERGED from com.google.android.gms:play-services-basement:8.1.0:18:5
MERGED from com.android.support:support-v4:23.0.1:20:5
	android:targetSdkVersion
		ADDED from AndroidManifest.xml:9:9
		INJECTED from AndroidManifest.xml:0:0
		INJECTED from AndroidManifest.xml:0:0
	android:minSdkVersion
		ADDED from AndroidManifest.xml:8:9
		INJECTED from AndroidManifest.xml:0:0
		INJECTED from AndroidManifest.xml:0:0
uses-permission#android.permission.WAKE_LOCK
ADDED from AndroidManifest.xml:12:5
MERGED from com.google.android.gms:play-services-measurement:8.1.0:24:5
MERGED from com.google.android.gms:play-services-measurement:8.1.0:24:5
	android:name
		ADDED from AndroidManifest.xml:12:22
uses-permission#android.permission.INTERNET
ADDED from AndroidManifest.xml:13:5
MERGED from com.google.android.gms:play-services-ads:8.1.0:20:5
MERGED from com.google.android.gms:play-services-analytics:8.1.0:21:5
MERGED from com.google.android.gms:play-services-ads:8.1.0:20:5
MERGED from com.google.android.gms:play-services-appinvite:8.1.0:19:5
MERGED from com.google.android.gms:play-services-maps:8.1.0:21:5
MERGED from com.google.android.gms:play-services-gcm:8.1.0:22:5
MERGED from com.google.android.gms:play-services-maps:8.1.0:21:5
MERGED from com.google.android.gms:play-services-maps:8.1.0:21:5
MERGED from com.google.android.gms:play-services-measurement:8.1.0:21:5
MERGED from com.google.android.gms:play-services-analytics:8.1.0:21:5
MERGED from com.google.android.gms:play-services-ads:8.1.0:20:5
MERGED from com.google.android.gms:play-services-wallet:8.1.0:20:5
MERGED from com.google.android.gms:play-services-maps:8.1.0:21:5
MERGED from com.google.android.gms:play-services-ads:8.1.0:20:5
MERGED from com.google.android.gms:play-services-analytics:8.1.0:21:5
MERGED from com.google.android.gms:play-services-ads:8.1.0:20:5
MERGED from com.google.android.gms:play-services-appinvite:8.1.0:19:5
MERGED from com.google.android.gms:play-services-maps:8.1.0:21:5
MERGED from com.google.android.gms:play-services-gcm:8.1.0:22:5
MERGED from com.google.android.gms:play-services-maps:8.1.0:21:5
MERGED from com.google.android.gms:play-services-maps:8.1.0:21:5
MERGED from com.google.android.gms:play-services-measurement:8.1.0:21:5
MERGED from com.google.android.gms:play-services-analytics:8.1.0:21:5
MERGED from com.google.android.gms:play-services-ads:8.1.0:20:5
MERGED from com.google.android.gms:play-services-wallet:8.1.0:20:5
MERGED from com.google.android.gms:play-services-maps:8.1.0:21:5
	android:name
		ADDED from AndroidManifest.xml:13:22
uses-permission#android.permission.ACCESS_NETWORK_STATE
ADDED from AndroidManifest.xml:14:5
MERGED from com.google.android.gms:play-services-ads:8.1.0:21:5
MERGED from com.google.android.gms:play-services-analytics:8.1.0:22:5
MERGED from com.google.android.gms:play-services-ads:8.1.0:21:5
MERGED from com.google.android.gms:play-services-maps:8.1.0:20:5
MERGED from com.google.android.gms:play-services-maps:8.1.0:20:5
MERGED from com.google.android.gms:play-services-maps:8.1.0:20:5
MERGED from com.google.android.gms:play-services-measurement:8.1.0:22:5
MERGED from com.google.android.gms:play-services-analytics:8.1.0:22:5
MERGED from com.google.android.gms:play-services-ads:8.1.0:21:5
MERGED from com.google.android.gms:play-services-nearby:8.1.0:19:5
MERGED from com.google.android.gms:play-services-maps:8.1.0:20:5
MERGED from com.google.android.gms:play-services-ads:8.1.0:21:5
MERGED from com.google.android.gms:play-services-analytics:8.1.0:22:5
MERGED from com.google.android.gms:play-services-ads:8.1.0:21:5
MERGED from com.google.android.gms:play-services-maps:8.1.0:20:5
MERGED from com.google.android.gms:play-services-maps:8.1.0:20:5
MERGED from com.google.android.gms:play-services-maps:8.1.0:20:5
MERGED from com.google.android.gms:play-services-measurement:8.1.0:22:5
MERGED from com.google.android.gms:play-services-analytics:8.1.0:22:5
MERGED from com.google.android.gms:play-services-ads:8.1.0:21:5
MERGED from com.google.android.gms:play-services-nearby:8.1.0:19:5
MERGED from com.google.android.gms:play-services-maps:8.1.0:20:5
	android:name
		ADDED from AndroidManifest.xml:14:22
uses-permission#android.permission.RECEIVE_BOOT_COMPLETED
ADDED from AndroidManifest.xml:15:5
	android:name
		ADDED from AndroidManifest.xml:15:22
uses-permission#android.permission.VIBRATE
ADDED from AndroidManifest.xml:16:5
	android:name
		ADDED from AndroidManifest.xml:16:22
uses-permission#android.permission.WRITE_EXTERNAL_STORAGE
ADDED from AndroidManifest.xml:21:5
MERGED from com.google.android.gms:play-services-maps:8.1.0:22:5
MERGED from com.google.android.gms:play-services-maps:8.1.0:22:5
MERGED from com.google.android.gms:play-services-maps:8.1.0:22:5
MERGED from com.google.android.gms:play-services-maps:8.1.0:22:5
MERGED from com.google.android.gms:play-services-maps:8.1.0:22:5
MERGED from com.google.android.gms:play-services-maps:8.1.0:22:5
MERGED from com.google.android.gms:play-services-maps:8.1.0:22:5
MERGED from com.google.android.gms:play-services-maps:8.1.0:22:5
	android:name
		ADDED from AndroidManifest.xml:21:22
supports-screens
ADDED from AndroidManifest.xml:24:5
	android:xlargeScreens
		ADDED from AndroidManifest.xml:24:23
compatible-screens
ADDED from AndroidManifest.xml:26:5
screen#small+ldpi
ADDED from AndroidManifest.xml:27:9
	android:screenSize
		ADDED from AndroidManifest.xml:29:13
	android:screenDensity
		ADDED from AndroidManifest.xml:28:13
screen#small+mdpi
ADDED from AndroidManifest.xml:30:9
	android:screenSize
		ADDED from AndroidManifest.xml:32:13
	android:screenDensity
		ADDED from AndroidManifest.xml:31:13
screen#small+hdpi
ADDED from AndroidManifest.xml:33:9
	android:screenSize
		ADDED from AndroidManifest.xml:35:13
	android:screenDensity
		ADDED from AndroidManifest.xml:34:13
screen#small+xhdpi
ADDED from AndroidManifest.xml:36:9
	android:screenSize
		ADDED from AndroidManifest.xml:38:13
	android:screenDensity
		ADDED from AndroidManifest.xml:37:13
screen#normal+ldpi
ADDED from AndroidManifest.xml:39:9
	android:screenSize
		ADDED from AndroidManifest.xml:41:13
	android:screenDensity
		ADDED from AndroidManifest.xml:40:13
screen#normal+mdpi
ADDED from AndroidManifest.xml:42:9
	android:screenSize
		ADDED from AndroidManifest.xml:44:13
	android:screenDensity
		ADDED from AndroidManifest.xml:43:13
screen#normal+hdpi
ADDED from AndroidManifest.xml:45:9
	android:screenSize
		ADDED from AndroidManifest.xml:47:13
	android:screenDensity
		ADDED from AndroidManifest.xml:46:13
screen#normal+xhdpi
ADDED from AndroidManifest.xml:48:9
	android:screenSize
		ADDED from AndroidManifest.xml:50:13
	android:screenDensity
		ADDED from AndroidManifest.xml:49:13
screen#normal+480
ADDED from AndroidManifest.xml:52:9
	android:screenSize
		ADDED from AndroidManifest.xml:54:13
	android:screenDensity
		ADDED from AndroidManifest.xml:53:13
screen#normal+640
ADDED from AndroidManifest.xml:56:9
	android:screenSize
		ADDED from AndroidManifest.xml:58:13
	android:screenDensity
		ADDED from AndroidManifest.xml:57:13
screen#large+ldpi
ADDED from AndroidManifest.xml:59:9
	android:screenSize
		ADDED from AndroidManifest.xml:61:13
	android:screenDensity
		ADDED from AndroidManifest.xml:60:13
screen#large+mdpi
ADDED from AndroidManifest.xml:62:9
	android:screenSize
		ADDED from AndroidManifest.xml:64:13
	android:screenDensity
		ADDED from AndroidManifest.xml:63:13
screen#large+hdpi
ADDED from AndroidManifest.xml:65:9
	android:screenSize
		ADDED from AndroidManifest.xml:67:13
	android:screenDensity
		ADDED from AndroidManifest.xml:66:13
screen#large+xhdpi
ADDED from AndroidManifest.xml:68:9
	android:screenSize
		ADDED from AndroidManifest.xml:70:13
	android:screenDensity
		ADDED from AndroidManifest.xml:69:13
screen#large+480
ADDED from AndroidManifest.xml:72:9
	android:screenSize
		ADDED from AndroidManifest.xml:74:13
	android:screenDensity
		ADDED from AndroidManifest.xml:73:13
screen#large+640
ADDED from AndroidManifest.xml:76:9
	android:screenSize
		ADDED from AndroidManifest.xml:78:13
	android:screenDensity
		ADDED from AndroidManifest.xml:77:13
application
ADDED from AndroidManifest.xml:81:5
MERGED from com.google.android.gms:play-services:8.1.0:19:5
MERGED from com.google.android.gms:play-services-ads:8.1.0:24:5
MERGED from com.google.android.gms:play-services-basement:8.1.0:20:5
MERGED from com.android.support:support-v4:23.0.1:22:5
MERGED from com.google.android.gms:play-services-appindexing:8.1.0:19:5
MERGED from com.google.android.gms:play-services-basement:8.1.0:20:5
MERGED from com.android.support:support-v4:23.0.1:22:5
MERGED from com.google.android.gms:play-services-analytics:8.1.0:24:5
MERGED from com.google.android.gms:play-services-basement:8.1.0:20:5
MERGED from com.android.support:support-v4:23.0.1:22:5
MERGED from com.google.android.gms:play-services-ads:8.1.0:24:5
MERGED from com.google.android.gms:play-services-basement:8.1.0:20:5
MERGED from com.android.support:support-v4:23.0.1:22:5
MERGED from com.google.android.gms:play-services-appindexing:8.1.0:19:5
MERGED from com.google.android.gms:play-services-basement:8.1.0:20:5
MERGED from com.android.support:support-v4:23.0.1:22:5
MERGED from com.google.android.gms:play-services-appindexing:8.1.0:19:5
MERGED from com.google.android.gms:play-services-basement:8.1.0:20:5
MERGED from com.android.support:support-v4:23.0.1:22:5
MERGED from com.google.android.gms:play-services-appinvite:8.1.0:20:5
MERGED from com.google.android.gms:play-services-basement:8.1.0:20:5
MERGED from com.android.support:support-v4:23.0.1:22:5
MERGED from com.google.android.gms:play-services-appstate:8.1.0:19:5
MERGED from com.google.android.gms:play-services-basement:8.1.0:20:5
MERGED from com.android.support:support-v4:23.0.1:22:5
MERGED from com.google.android.gms:play-services-basement:8.1.0:20:5
MERGED from com.android.support:support-v4:23.0.1:22:5
MERGED from com.google.android.gms:play-services-basement:8.1.0:20:5
MERGED from com.android.support:support-v4:23.0.1:22:5
MERGED from com.google.android.gms:play-services-cast:8.1.0:19:5
MERGED from com.google.android.gms:play-services-basement:8.1.0:20:5
MERGED from com.android.support:support-v4:23.0.1:22:5
MERGED from com.android.support:mediarouter-v7:22.2.0:22:5
MERGED from com.android.support:appcompat-v7:23.0.1:22:5
MERGED from com.android.support:support-v4:23.0.1:22:5
MERGED from com.google.android.gms:play-services-drive:8.1.0:19:5
MERGED from com.google.android.gms:play-services-basement:8.1.0:20:5
MERGED from com.android.support:support-v4:23.0.1:22:5
MERGED from com.google.android.gms:play-services-fitness:8.1.0:19:5
MERGED from com.google.android.gms:play-services-basement:8.1.0:20:5
MERGED from com.android.support:support-v4:23.0.1:22:5
MERGED from com.google.android.gms:play-services-location:8.1.0:19:5
MERGED from com.google.android.gms:play-services-basement:8.1.0:20:5
MERGED from com.android.support:support-v4:23.0.1:22:5
MERGED from com.google.android.gms:play-services-maps:8.1.0:28:5
MERGED from com.google.android.gms:play-services-basement:8.1.0:20:5
MERGED from com.android.support:support-v4:23.0.1:22:5
MERGED from com.google.android.gms:play-services-games:8.1.0:19:5
MERGED from com.google.android.gms:play-services-basement:8.1.0:20:5
MERGED from com.android.support:support-v4:23.0.1:22:5
MERGED from com.google.android.gms:play-services-drive:8.1.0:19:5
MERGED from com.google.android.gms:play-services-basement:8.1.0:20:5
MERGED from com.android.support:support-v4:23.0.1:22:5
MERGED from com.google.android.gms:play-services-gcm:8.1.0:24:5
MERGED from com.google.android.gms:play-services-basement:8.1.0:20:5
MERGED from com.android.support:support-v4:23.0.1:22:5
MERGED from com.google.android.gms:play-services-identity:8.1.0:19:5
MERGED from com.google.android.gms:play-services-basement:8.1.0:20:5
MERGED from com.android.support:support-v4:23.0.1:22:5
MERGED from com.google.android.gms:play-services-location:8.1.0:19:5
MERGED from com.google.android.gms:play-services-basement:8.1.0:20:5
MERGED from com.android.support:support-v4:23.0.1:22:5
MERGED from com.google.android.gms:play-services-maps:8.1.0:28:5
MERGED from com.google.android.gms:play-services-basement:8.1.0:20:5
MERGED from com.android.support:support-v4:23.0.1:22:5
MERGED from com.google.android.gms:play-services-maps:8.1.0:28:5
MERGED from com.google.android.gms:play-services-basement:8.1.0:20:5
MERGED from com.android.support:support-v4:23.0.1:22:5